Exception at PC 0x000007FEC076BB93
Printing stacktrace...

[0]  [0x000007FEC076BB93]
[1]  [0x000007FEC076BB93]
[2]  [0x000007FEC076B4A1]
[3]  [0x000007FEC076B3EF]
[4]  [0x000007FEC07519FE]
[5]  [0x000007FEC0750ED1]
[6]  [0x000007FEC0750D76]
[7]  [0x000007FEC06F79F6]
[8]  [0x000007FEC06E7AFB]
[9]  [0x000007FEC080E90A]
[10]  [0x000007FEC0829F87]
[11]  [0x000007FEC082A05F]
[12] (BaseThreadInitThunk+0xd) [0x0000000077475A4D]
[13] (RtlUserThreadStart+0x21) [0x00000000775AB831]
Done
Exception at PC 0x000007FEC0471A52
Attemped to write at address 0x000007FEE8CEABA4
Printing stacktrace...

[0]  [0x000007FEC0471A52]
[1]  [0x000007FEC0471A52]
[2]  [0x000007FEC0471AD4]
[3]  [0x000007FEC05B3FF7]
[4]  [0x000007FEC0499128]
[5]  [0x000007FEC074DFB9]
[6]  [0x000007FEC091EF23]
[7]  [0x000007FEC082B06B]
[8]  [0x000007FEC08208AF]
[9]  [0x000007FEC0820A32]
[10] (LdrShutdownProcess+0x1d1) [0x00000000775A3A81]
[11] (RtlExitUserProcess+0x90) [0x00000000775A3890]
[12] (wcstoui64+0x2fa) [0x000007FEFF7199E2]
[13]  [0x00000000004014CD]
[14]  [0x000000000040151B]
[15] (BaseThreadInitThunk+0xd) [0x0000000077475A4D]
[16] (RtlUserThreadStart+0x21) [0x00000000775AB831]
Done
